# JRE version: Java(TM) SE Runtime Environment (10.0.2+13) (build 10.0.2+13)
# Java VM: Java HotSpot(TM) 64-Bit Server VM (10.0.2+13, mixed mode, tiered, compressed oops, g1 gc, windows-amd64)
Heap:
 garbage-first heap   total 732160K, used 228490K [0x00000000a0000000, 0x0000000100000000)
  region size 1024K, 9 young (9216K), 9 survivors (9216K)
 Metaspace       used 115943K, capacity 118766K, committed 119680K, reserved 1155072K
  class space    used 13392K, capacity 14392K, committed 14720K, reserved 1048576K
GC Heap History (10 events):
Event: 2693.867 GC heap after
{Heap after GC invocations=78 (full 2):
 garbage-first heap   total 294912K, used 166926K [0x00000000a0000000, 0x0000000100000000)
  region size 1024K, 2 young (2048K), 2 survivors (2048K)
 Metaspace       used 115398K, capacity 118232K, committed 119680K, reserved 1155072K
  class space    used 13336K, capacity 14332K, committed 14720K, reserved 1048576K
}
Event: 2694.070 GC heap before
{Heap before GC invocations=78 (full 2):
 garbage-first heap   total 294912K, used 229390K [0x00000000a0000000, 0x0000000100000000)
  region size 1024K, 63 young (64512K), 2 survivors (2048K)
 Metaspace       used 115539K, capacity 118389K, committed 119680K, reserved 1155072K
  class space    used 13336K, capacity 14332K, committed 14720K, reserved 1048576K
}
Event: 2694.101 GC heap after
{Heap after GC invocations=79 (full 2):
 garbage-first heap   total 442368K, used 191154K [0x00000000a0000000, 0x0000000100000000)
  region size 1024K, 8 young (8192K), 8 survivors (8192K)
 Metaspace       used 115539K, capacity 118389K, committed 119680K, reserved 1155072K
  class space    used 13336K, capacity 14332K, committed 14720K, reserved 1048576K
}
Event: 2694.633 GC heap before
{Heap before GC invocations=80 (full 2):
 garbage-first heap   total 442368K, used 301746K [0x00000000a0000000, 0x0000000100000000)
  region size 1024K, 116 young (118784K), 8 survivors (8192K)
 Metaspace       used 115849K, capacity 118689K, committed 119680K, reserved 1155072K
  class space    used 13390K, capacity 14388K, committed 14720K, reserved 1048576K
}
Event: 2694.678 GC heap after
{Heap after GC invocations=81 (full 2):
 garbage-first heap   total 442368K, used 232773K [0x00000000a0000000, 0x0000000100000000)
  region size 1024K, 15 young (15360K), 15 survivors (15360K)
 Metaspace       used 115849K, capacity 118689K, committed 119680K, reserved 1155072K
  class space    used 13390K, capacity 14388K, committed 14720K, reserved 1048576K
}
Event: 2694.729 GC heap before
{Heap before GC invocations=81 (full 2):
 garbage-first heap   total 442368K, used 238917K [0x00000000a0000000, 0x0000000100000000)
  region size 1024K, 21 young (21504K), 15 survivors (15360K)
 Metaspace       used 115858K, capacity 118696K, committed 119680K, reserved 1155072K
  class space    used 13391K, capacity 14390K, committed 14720K, reserved 1048576K
}
Event: 2694.761 GC heap after
{Heap after GC invocations=82 (full 2):
 garbage-first heap   total 442368K, used 232344K [0x00000000a0000000, 0x0000000100000000)
  region size 1024K, 3 young (3072K), 3 survivors (3072K)
 Metaspace       used 115858K, capacity 118696K, committed 119680K, reserved 1155072K
  class space    used 13391K, capacity 14390K, committed 14720K, reserved 1048576K
}
Event: 2694.861 GC heap before
{Heap before GC invocations=82 (full 2):
 garbage-first heap   total 442368K, used 267160K [0x00000000a0000000, 0x0000000100000000)
  region size 1024K, 38 young (38912K), 3 survivors (3072K)
 Metaspace       used 115879K, capacity 118696K, committed 119680K, reserved 1155072K
  class space    used 13391K, capacity 14390K, committed 14720K, reserved 1048576K
}
Event: 2694.882 GC heap after
{Heap after GC invocations=83 (full 2):
 garbage-first heap   total 442368K, used 236440K [0x00000000a0000000, 0x0000000100000000)
  region size 1024K, 7 young (7168K), 7 survivors (7168K)
 Metaspace       used 115879K, capacity 118696K, committed 119680K, reserved 1155072K
  class space    used 13391K, capacity 14390K, committed 14720K, reserved 1048576K
}
Event: 2695.197 GC heap before
{Heap before GC invocations=84 (full 2):
 garbage-first heap   total 442368K, used 308120K [0x00000000a0000000, 0x0000000100000000)
  region size 1024K, 88 young (90112K), 7 survivors (7168K)
 Metaspace       used 115943K, capacity 118766K, committed 119680K, reserved 1155072K
  class space    used 13392K, capacity 14392K, committed 14720K, reserved 1048576K
}

